2025-11-10 02:27:20,243 - INFO - 
======================================================================
2025-11-10 02:27:20,243 - INFO - SCRIPT EXECUTION STARTED
2025-11-10 02:27:20,243 - INFO - ======================================================================
2025-11-10 02:27:20,244 - INFO - ======================================================================
2025-11-10 02:27:20,244 - INFO - STARTING NIFTY 50 DATA FETCH
2025-11-10 02:27:20,244 - INFO - ======================================================================
2025-11-10 02:27:20,244 - INFO - Fetching actual trading date...
2025-11-10 02:27:23,770 - INFO - Actual trading date from data: 2025-11-07
2025-11-10 02:27:23,771 - INFO - Fetching data for: 2025-11-07
2025-11-10 02:27:23,813 - INFO - RELIANCE.NS: Success - \u20b91478.0
2025-11-10 02:27:24,230 - INFO - TCS.NS: Success - \u20b92991.8
2025-11-10 02:27:24,665 - INFO - HDFCBANK.NS: Success - \u20b9982.3
2025-11-10 02:27:25,093 - INFO - INFY.NS: Success - \u20b91476.8
2025-11-10 02:27:25,525 - INFO - ICICIBANK.NS: Success - \u20b91343.0
2025-11-10 02:27:25,947 - INFO - HINDUNILVR.NS: Success - \u20b92414.0
2025-11-10 02:27:26,370 - INFO - ITC.NS: Success - \u20b9404.05
2025-11-10 02:27:26,802 - INFO - SBIN.NS: Success - \u20b9955.85
2025-11-10 02:27:27,231 - INFO - BHARTIARTL.NS: Success - \u20b92001.2
2025-11-10 02:27:27,648 - INFO - KOTAKBANK.NS: Success - \u20b92088.3
2025-11-10 02:27:28,083 - INFO - LT.NS: Success - \u20b93882.5
2025-11-10 02:27:28,525 - INFO - AXISBANK.NS: Success - \u20b91222.8
2025-11-10 02:27:28,961 - INFO - ASIANPAINT.NS: Success - \u20b92613.8
2025-11-10 02:27:29,381 - INFO - MARUTI.NS: Success - \u20b915479.0
2025-11-10 02:27:29,796 - INFO - TITAN.NS: Success - \u20b93769.3
2025-11-10 02:27:30,230 - INFO - SUNPHARMA.NS: Success - \u20b91691.4
2025-11-10 02:27:30,660 - INFO - ULTRACEMCO.NS: Success - \u20b911849.0
2025-11-10 02:27:31,088 - INFO - BAJFINANCE.NS: Success - \u20b91066.6
2025-11-10 02:27:31,505 - INFO - NESTLEIND.NS: Success - \u20b91262.7
2025-11-10 02:27:31,922 - INFO - HCLTECH.NS: Success - \u20b91512.4
2025-11-10 02:27:32,381 - INFO - WIPRO.NS: Success - \u20b9236.49
2025-11-10 02:27:32,798 - INFO - POWERGRID.NS: Success - \u20b9267.5
2025-11-10 02:27:33,215 - INFO - NTPC.NS: Success - \u20b9326.1
2025-11-10 02:27:33,656 - INFO - TATAMOTORS.NS: Success - \u20b9405.7
2025-11-10 02:27:34,080 - INFO - TATASTEEL.NS: Success - \u20b9181.37
2025-11-10 02:27:34,502 - INFO - M&M.NS: Success - \u20b93690.2
2025-11-10 02:27:34,924 - INFO - BAJAJFINSV.NS: Success - \u20b92102.1
2025-11-10 02:27:35,337 - INFO - TECHM.NS: Success - \u20b91386.7
2025-11-10 02:27:35,762 - INFO - ADANIENT.NS: Success - \u20b92369.4
2025-11-10 02:27:36,192 - INFO - ONGC.NS: Success - \u20b9252.2
2025-11-10 02:27:36,607 - INFO - COALINDIA.NS: Success - \u20b9376.0
2025-11-10 02:27:37,029 - INFO - DIVISLAB.NS: Success - \u20b96656.5
2025-11-10 02:27:37,459 - INFO - GRASIM.NS: Success - \u20b92724.6
2025-11-10 02:27:37,889 - INFO - HINDALCO.NS: Success - \u20b9790.4
2025-11-10 02:27:38,298 - INFO - INDUSINDBK.NS: Success - \u20b9797.25
2025-11-10 02:27:38,715 - INFO - JSWSTEEL.NS: Success - \u20b91171.7
2025-11-10 02:27:39,144 - INFO - BRITANNIA.NS: Success - \u20b96157.5
2025-11-10 02:27:39,583 - INFO - CIPLA.NS: Success - \u20b91505.7
2025-11-10 02:27:40,010 - INFO - EICHERMOT.NS: Success - \u20b96886.0
2025-11-10 02:27:40,423 - INFO - HEROMOTOCO.NS: Success - \u20b95296.0
2025-11-10 02:27:40,848 - INFO - DRREDDY.NS: Success - \u20b91205.4
2025-11-10 02:27:41,270 - INFO - APOLLOHOSP.NS: Success - \u20b97642.0
2025-11-10 02:27:41,698 - INFO - BPCL.NS: Success - \u20b9367.15
2025-11-10 02:27:42,110 - INFO - ADANIPORTS.NS: Success - \u20b91448.3
2025-11-10 02:27:42,530 - INFO - TATACONSUM.NS: Success - \u20b91167.2
2025-11-10 02:27:42,947 - INFO - BAJAJ-AUTO.NS: Success - \u20b98721.5
2025-11-10 02:27:43,369 - INFO - SHRIRAMFIN.NS: Success - \u20b9816.35
2025-11-10 02:27:43,841 - INFO - SBILIFE.NS: Success - \u20b91998.9
2025-11-10 02:27:44,253 - INFO - LTIM.NS: Success - \u20b95567.5
2025-11-10 02:27:44,667 - INFO - BEL.NS: Success - \u20b9414.25
2025-11-10 02:27:44,969 - INFO - Summary: 50 success, 0 failed, 0 invalid
2025-11-10 02:27:44,969 - INFO - Time taken: 21.2s
2025-11-10 02:27:44,970 - INFO - File nifty50_2025-11-07.json already exists, overwriting
2025-11-10 02:27:44,985 - INFO - File saved: nifty50_2025-11-07.json (11.1 KB)
2025-11-10 02:27:44,991 - INFO - Script completed successfully
2025-11-10 19:37:49,187 - INFO - 
======================================================================
2025-11-10 19:37:49,190 - INFO - SCRIPT EXECUTION STARTED
2025-11-10 19:37:49,190 - INFO - ======================================================================
2025-11-10 19:37:49,190 - INFO - ======================================================================
2025-11-10 19:37:49,191 - INFO - STARTING NIFTY 50 DATA FETCH
2025-11-10 19:37:49,191 - INFO - ======================================================================
2025-11-10 19:37:49,192 - INFO - Fetching actual trading date...
2025-11-10 19:37:53,319 - INFO - Actual trading date from data: 2025-11-10
2025-11-10 19:37:53,319 - INFO - Fetching (initial target): 2025-11-10
2025-11-10 19:37:53,357 - INFO - RELIANCE.NS: Success - \u20b91489.3
2025-11-10 19:37:53,774 - INFO - TCS.NS: Success - \u20b93025.2
2025-11-10 19:37:54,208 - INFO - HDFCBANK.NS: Success - \u20b9984.5
2025-11-10 19:37:54,650 - INFO - INFY.NS: Success - \u20b91513.5
2025-11-10 19:37:55,035 - INFO - ICICIBANK.NS: Success - \u20b91348.0
2025-11-10 19:37:55,416 - INFO - HINDUNILVR.NS: Success - \u20b92408.8
2025-11-10 19:37:55,866 - INFO - ITC.NS: Success - \u20b9405.55
2025-11-10 19:37:56,442 - INFO - SBIN.NS: Success - \u20b9951.15
2025-11-10 19:37:56,816 - INFO - BHARTIARTL.NS: Success - \u20b92019.8
2025-11-10 19:37:57,229 - INFO - KOTAKBANK.NS: Success - \u20b92092.7
2025-11-10 19:37:57,614 - INFO - LT.NS: Success - \u20b93918.5
2025-11-10 19:37:58,147 - INFO - AXISBANK.NS: Success - \u20b91217.0
2025-11-10 19:37:58,570 - INFO - ASIANPAINT.NS: Success - \u20b92650.4
2025-11-10 19:37:59,037 - INFO - MARUTI.NS: Success - \u20b915583.0
2025-11-10 19:37:59,440 - INFO - TITAN.NS: Success - \u20b93803.0
2025-11-10 19:37:59,925 - INFO - SUNPHARMA.NS: Success - \u20b91697.8
2025-11-10 19:38:00,344 - INFO - ULTRACEMCO.NS: Success - \u20b911728.0
2025-11-10 19:38:00,744 - INFO - BAJFINANCE.NS: Success - \u20b91085.0
2025-11-10 19:38:01,240 - INFO - NESTLEIND.NS: Success - \u20b91262.9
2025-11-10 19:38:01,746 - INFO - HCLTECH.NS: Success - \u20b91540.5
2025-11-10 19:38:02,162 - INFO - WIPRO.NS: Success - \u20b9239.84
2025-11-10 19:38:02,553 - INFO - POWERGRID.NS: Success - \u20b9268.2
2025-11-10 19:38:02,951 - INFO - NTPC.NS: Success - \u20b9325.45
2025-11-10 19:38:03,400 - INFO - TATAMOTORS.NS: Success - \u20b9405.7
2025-11-10 19:38:03,791 - INFO - TATASTEEL.NS: Success - \u20b9181.48
2025-11-10 19:38:04,288 - INFO - M&M.NS: Success - \u20b93663.9
2025-11-10 19:38:04,767 - INFO - BAJAJFINSV.NS: Success - \u20b92118.3
2025-11-10 19:38:05,224 - INFO - TECHM.NS: Success - \u20b91397.8
2025-11-10 19:38:05,618 - INFO - ADANIENT.NS: Success - \u20b92370.7
2025-11-10 19:38:06,096 - INFO - ONGC.NS: Success - \u20b9251.4
2025-11-10 19:38:06,599 - INFO - COALINDIA.NS: Success - \u20b9381.35
2025-11-10 19:38:07,070 - INFO - DIVISLAB.NS: Success - \u20b96691.5
2025-11-10 19:38:07,519 - INFO - GRASIM.NS: Success - \u20b92762.9
2025-11-10 19:38:07,969 - INFO - HINDALCO.NS: Success - \u20b9785.2
2025-11-10 19:38:08,508 - INFO - INDUSINDBK.NS: Success - \u20b9799.35
2025-11-10 19:38:08,968 - INFO - JSWSTEEL.NS: Success - \u20b91179.3
2025-11-10 19:38:09,455 - INFO - BRITANNIA.NS: Success - \u20b96133.5
2025-11-10 19:38:09,932 - INFO - CIPLA.NS: Success - \u20b91511.5
2025-11-10 19:38:10,394 - INFO - EICHERMOT.NS: Success - \u20b96866.5
2025-11-10 19:38:10,793 - INFO - HEROMOTOCO.NS: Success - \u20b95359.5
2025-11-10 19:38:11,350 - INFO - DRREDDY.NS: Success - \u20b91198.7
2025-11-10 19:38:11,780 - INFO - APOLLOHOSP.NS: Success - \u20b97529.5
2025-11-10 19:38:12,176 - INFO - BPCL.NS: Success - \u20b9365.15
2025-11-10 19:38:12,600 - INFO - ADANIPORTS.NS: Success - \u20b91444.9
2025-11-10 19:38:13,041 - INFO - TATACONSUM.NS: Success - \u20b91142.7
2025-11-10 19:38:13,491 - INFO - BAJAJ-AUTO.NS: Success - \u20b98772.0
2025-11-10 19:38:13,934 - INFO - SHRIRAMFIN.NS: Success - \u20b9821.1
2025-11-10 19:38:14,332 - INFO - SBILIFE.NS: Success - \u20b91989.3
2025-11-10 19:38:14,699 - INFO - LTIM.NS: Success - \u20b95643.0
2025-11-10 19:38:15,122 - INFO - BEL.NS: Success - \u20b9416.85
2025-11-10 19:38:15,429 - INFO - Summary: 50 success, 0 failed, 0 invalid
2025-11-10 19:38:15,429 - INFO - Time taken: 22.1s
2025-11-10 19:38:15,429 - INFO - Final fetch_date set to: 2025-11-10
2025-11-10 19:38:15,430 - CRITICAL - Fatal error: name 'OUTPUT_DIR' is not defined
Traceback (most recent call last):
  File "<stdin>", line 26, in <module>
    json_file = save_to_json_atomic(stock_data)
  File "<stdin>", line 7, in save_to_json_atomic
    final_path = os.path.join(OUTPUT_DIR, filename)
                              ^^^^^^^^^^
NameError: name 'OUTPUT_DIR' is not defined
